
2025/03/23 (00:48:24) | ===> btop++ v.1.4.0
2025/03/23 (00:48:24) | ERROR: No UTF-8 locale detected!
Use --utf-force argument to force start if you're sure your terminal can handle it.

2025/03/23 (00:48:57) | ===> btop++ v.1.4.0
2025/03/23 (00:48:57) | ERROR: No UTF-8 locale detected!
Use --utf-force argument to force start if you're sure your terminal can handle it.

2025/03/23 (04:11:47) | ===> btop++ v.1.4.0
2025/03/23 (04:11:47) | ERROR: No UTF-8 locale detected!
Use --utf-force argument to force start if you're sure your terminal can handle it.

2025/03/23 (04:16:29) | ===> btop++ v.1.4.0
2025/03/23 (04:16:29) | ERROR: No UTF-8 locale detected!
Use --utf-force argument to force start if you're sure your terminal can handle it.

2025/03/23 (04:31:35) | ===> btop++ v.1.4.0
2025/03/23 (04:31:35) | WARNING: Intel GPU: Failed to initialize PMU

2025/03/23 (06:03:13) | ===> btop++ v.1.4.0
2025/03/23 (06:03:13) | ERROR: No UTF-8 locale detected!
Use --utf-force argument to force start if you're sure your terminal can handle it.

2025/03/23 (17:52:36) | ===> btop++ v.1.4.0
2025/03/23 (17:52:36) | ERROR: No UTF-8 locale detected!
Use --utf-force argument to force start if you're sure your terminal can handle it.

2025/03/23 (18:00:23) | ===> btop++ v.1.4.0
2025/03/23 (18:00:23) | ERROR: No UTF-8 locale detected!
Use --utf-force argument to force start if you're sure your terminal can handle it.

2025/03/23 (18:00:31) | ===> btop++ v.1.4.0
2025/03/23 (18:00:31) | WARNING: Intel GPU: Failed to initialize PMU

2025/03/23 (18:00:34) | ===> btop++ v.1.4.0
2025/03/23 (18:00:34) | WARNING: Intel GPU: Failed to initialize PMU

2025/03/23 (18:00:36) | ===> btop++ v.1.4.0
2025/03/23 (18:00:36) | WARNING: Intel GPU: Failed to initialize PMU

2025/03/23 (18:03:41) | ===> btop++ v.1.4.0
2025/03/23 (18:03:41) | WARNING: Intel GPU: Failed to initialize PMU

2025/03/23 (19:32:39) | ===> btop++ v.1.4.0
2025/03/23 (19:32:39) | WARNING: Intel GPU: Failed to initialize PMU
2025/03/23 (19:32:46) | WARNING: Failed to join _runner thread on exit!

2025/03/23 (23:37:39) | ===> btop++ v.1.4.0
2025/03/23 (23:37:39) | WARNING: Intel GPU: Failed to initialize PMU
2025/03/23 (23:37:52) | WARNING: Failed to join _runner thread on exit!

2025/03/25 (22:47:57) | ===> btop++ v.1.4.0
2025/03/25 (22:47:57) | ERROR: No tty detected!
btop++ needs an interactive shell to run.

2025/03/25 (23:55:08) | ===> btop++ v.1.4.0
2025/03/25 (23:55:08) | WARNING: Intel GPU: Failed to initialize PMU
2025/03/26 (00:01:14) | WARNING: Failed to join _runner thread on exit!

2025/03/26 (00:05:40) | ===> btop++ v.1.4.0
2025/03/26 (00:05:40) | WARNING: Intel GPU: Failed to initialize PMU
2025/03/26 (00:11:29) | WARNING: Failed to join _runner thread on exit!

2025/03/26 (14:56:52) | ===> btop++ v.1.4.0
2025/03/26 (14:56:52) | WARNING: Intel GPU: Failed to initialize PMU
2025/03/26 (14:56:54) | WARNING: Failed to join _runner thread on exit!

2025/03/26 (15:49:31) | ===> btop++ v.1.4.0
2025/03/26 (15:49:31) | WARNING: Intel GPU: Failed to initialize PMU

2025/03/26 (16:40:05) | ===> btop++ v.1.4.0
2025/03/26 (16:40:05) | WARNING: Intel GPU: Failed to initialize PMU
2025/03/26 (16:40:07) | WARNING: Failed to join _runner thread on exit!

2025/03/26 (22:38:05) | ===> btop++ v.1.4.0
2025/03/26 (22:38:05) | WARNING: Intel GPU: Failed to initialize PMU

2025/03/27 (17:09:04) | ===> btop++ v.1.4.0
2025/03/27 (17:09:04) | WARNING: Intel GPU: Failed to initialize PMU
2025/03/27 (17:11:56) | WARNING: Failed to join _runner thread on exit!

2025/03/27 (17:14:12) | ===> btop++ v.1.4.0
2025/03/27 (17:14:12) | WARNING: Intel GPU: Failed to initialize PMU
2025/03/27 (17:17:22) | WARNING: Failed to join _runner thread on exit!

2025/03/27 (18:20:58) | ===> btop++ v.1.4.0
2025/03/27 (18:20:58) | WARNING: Intel GPU: Failed to initialize PMU
2025/03/27 (18:21:35) | WARNING: Failed to join _runner thread on exit!

2025/03/27 (18:21:55) | ===> btop++ v.1.4.0
2025/03/27 (18:21:55) | WARNING: Intel GPU: Failed to initialize PMU
2025/03/27 (18:27:54) | WARNING: Failed to join _runner thread on exit!

2025/03/27 (19:20:05) | ===> btop++ v.1.4.0
2025/03/27 (19:20:05) | WARNING: Intel GPU: Failed to initialize PMU
2025/03/27 (20:41:30) | WARNING: Failed to join _runner thread on exit!

2025/03/27 (21:03:14) | ===> btop++ v.1.4.0
2025/03/27 (21:03:14) | WARNING: Intel GPU: Failed to initialize PMU

2025/03/28 (17:32:06) | ===> btop++ v.1.4.0
2025/03/28 (17:32:06) | WARNING: Intel GPU: Failed to initialize PMU
2025/03/28 (17:32:13) | WARNING: Failed to join _runner thread on exit!

2025/03/28 (17:33:01) | ===> btop++ v.1.4.0
2025/03/28 (17:33:01) | WARNING: Intel GPU: Failed to initialize PMU
2025/03/28 (17:33:02) | WARNING: Failed to join _runner thread on exit!

2025/03/28 (18:47:50) | ===> btop++ v.1.4.0
2025/03/28 (18:47:50) | WARNING: Intel GPU: Failed to initialize PMU
2025/03/28 (18:48:03) | WARNING: Failed to join _runner thread on exit!

2025/03/30 (19:55:14) | ===> btop++ v.1.4.0
2025/03/30 (19:55:14) | WARNING: Intel GPU: Failed to initialize PMU

2025/03/31 (01:05:48) | ===> btop++ v.1.4.0
2025/03/31 (01:05:48) | WARNING: Intel GPU: Failed to initialize PMU
2025/03/31 (01:08:29) | WARNING: Failed to join _runner thread on exit!

2025/03/31 (17:22:39) | ===> btop++ v.1.4.0
2025/03/31 (17:22:39) | WARNING: Intel GPU: Failed to initialize PMU
2025/03/31 (17:22:41) | WARNING: Failed to join _runner thread on exit!

2025/03/31 (17:22:52) | ===> btop++ v.1.4.0
2025/03/31 (17:22:52) | WARNING: Intel GPU: Failed to initialize PMU

2025/04/01 (00:29:16) | ===> btop++ v.1.4.0
2025/04/01 (00:29:16) | WARNING: Intel GPU: Failed to initialize PMU
2025/04/01 (00:29:21) | WARNING: Failed to join _runner thread on exit!

2025/04/01 (00:29:51) | ===> btop++ v.1.4.0
2025/04/01 (00:29:51) | WARNING: Intel GPU: Failed to initialize PMU
2025/04/01 (00:29:54) | WARNING: Failed to join _runner thread on exit!

2025/04/01 (15:46:56) | ===> btop++ v.1.4.0
2025/04/01 (15:46:56) | WARNING: Intel GPU: Failed to initialize PMU
2025/04/01 (15:47:14) | WARNING: Failed to join _runner thread on exit!

2025/04/01 (16:00:37) | ===> btop++ v.1.4.0
2025/04/01 (16:00:37) | WARNING: Intel GPU: Failed to initialize PMU
2025/04/01 (16:01:17) | WARNING: Failed to join _runner thread on exit!

2025/04/01 (16:01:19) | ===> btop++ v.1.4.0
2025/04/01 (16:01:19) | WARNING: Intel GPU: Failed to initialize PMU
2025/04/01 (16:02:02) | WARNING: Failed to join _runner thread on exit!

2025/04/01 (16:02:03) | ===> btop++ v.1.4.0
2025/04/01 (16:02:03) | WARNING: Intel GPU: Failed to initialize PMU

2025/04/01 (17:11:07) | ===> btop++ v.1.4.0
2025/04/01 (17:11:07) | WARNING: Intel GPU: Failed to initialize PMU
2025/04/01 (17:13:43) | WARNING: Failed to join _runner thread on exit!
2025/04/01 (17:18:28) | WARNING: Failed to join _runner thread on exit!

2025/04/01 (17:18:29) | ===> btop++ v.1.4.0
2025/04/01 (17:18:29) | WARNING: Intel GPU: Failed to initialize PMU
2025/04/01 (17:18:44) | WARNING: Failed to join _runner thread on exit!

2025/04/01 (17:18:45) | ===> btop++ v.1.4.0
2025/04/01 (17:18:45) | WARNING: Intel GPU: Failed to initialize PMU
2025/04/01 (17:18:47) | WARNING: Failed to join _runner thread on exit!

2025/04/01 (17:18:47) | ===> btop++ v.1.4.0
2025/04/01 (17:18:47) | WARNING: Intel GPU: Failed to initialize PMU
2025/04/01 (17:18:48) | WARNING: Failed to join _runner thread on exit!

2025/04/01 (17:18:49) | ===> btop++ v.1.4.0
2025/04/01 (17:18:49) | WARNING: Intel GPU: Failed to initialize PMU
2025/04/01 (17:18:49) | WARNING: Failed to join _runner thread on exit!

2025/04/01 (21:48:54) | ===> btop++ v.1.4.0
2025/04/01 (21:48:54) | WARNING: Intel GPU: Failed to initialize PMU
2025/04/01 (21:48:59) | WARNING: Failed to join _runner thread on exit!

2025/04/02 (00:59:55) | ===> btop++ v.1.4.0
2025/04/02 (00:59:55) | WARNING: Intel GPU: Failed to initialize PMU
2025/04/02 (01:00:45) | WARNING: Failed to join _runner thread on exit!

2025/04/02 (13:21:37) | ===> btop++ v.1.4.0
2025/04/02 (13:21:37) | WARNING: Intel GPU: Failed to initialize PMU

2025/04/02 (13:45:52) | ===> btop++ v.1.4.0
2025/04/02 (13:45:52) | WARNING: Intel GPU: Failed to initialize PMU
2025/04/02 (13:45:56) | WARNING: Failed to join _runner thread on exit!

2025/04/02 (14:12:05) | ===> btop++ v.1.4.0
2025/04/02 (14:12:05) | WARNING: Intel GPU: Failed to initialize PMU
2025/04/02 (14:12:07) | WARNING: Failed to join _runner thread on exit!

2025/04/03 (20:18:46) | ===> btop++ v.1.4.0
2025/04/03 (20:18:46) | WARNING: Intel GPU: Failed to initialize PMU
2025/04/03 (20:18:57) | WARNING: Failed to join _runner thread on exit!

2025/04/03 (20:30:42) | ===> btop++ v.1.4.0
2025/04/03 (20:30:42) | WARNING: Intel GPU: Failed to initialize PMU

2025/04/03 (20:33:50) | ===> btop++ v.1.4.0
2025/04/03 (20:33:50) | WARNING: Intel GPU: Failed to initialize PMU
2025/04/03 (20:34:34) | WARNING: Failed to join _runner thread on exit!

2025/04/04 (14:44:50) | ===> btop++ v.1.4.0
2025/04/04 (14:44:50) | WARNING: Intel GPU: Failed to initialize PMU
2025/04/04 (14:44:51) | WARNING: Failed to join _runner thread on exit!

2025/04/04 (14:52:59) | ===> btop++ v.1.4.0
2025/04/04 (14:52:59) | WARNING: Intel GPU: Failed to initialize PMU
2025/04/04 (14:53:05) | WARNING: Failed to join _runner thread on exit!

2025/04/04 (15:24:13) | ===> btop++ v.1.4.0
2025/04/04 (15:24:13) | WARNING: Intel GPU: Failed to initialize PMU
2025/04/04 (15:35:58) | WARNING: Failed to join _runner thread on exit!

2025/04/04 (15:38:18) | ===> btop++ v.1.4.0
2025/04/04 (15:38:18) | WARNING: Intel GPU: Failed to initialize PMU
2025/04/04 (15:41:51) | WARNING: Failed to join _runner thread on exit!

2025/04/04 (15:41:53) | ===> btop++ v.1.4.0
2025/04/04 (15:41:53) | WARNING: Intel GPU: Failed to initialize PMU
2025/04/04 (15:42:08) | WARNING: Failed to join _runner thread on exit!

2025/04/04 (15:42:09) | ===> btop++ v.1.4.0
2025/04/04 (15:42:09) | WARNING: Intel GPU: Failed to initialize PMU

2025/04/04 (17:11:29) | ===> btop++ v.1.4.0
2025/04/04 (17:11:29) | WARNING: Intel GPU: Failed to initialize PMU

2025/04/05 (19:07:08) | ===> btop++ v.1.4.0
2025/04/05 (19:07:08) | WARNING: Intel GPU: Failed to initialize PMU
2025/04/05 (19:07:13) | WARNING: Failed to join _runner thread on exit!

2025/04/05 (20:34:13) | ===> btop++ v.1.4.0
2025/04/05 (20:34:13) | WARNING: Intel GPU: Failed to initialize PMU
2025/04/05 (20:34:16) | WARNING: Failed to join _runner thread on exit!

2025/04/07 (16:04:44) | ===> btop++ v.1.4.0
2025/04/07 (16:04:44) | WARNING: Intel GPU: Failed to initialize PMU

2025/04/10 (15:15:21) | ===> btop++ v.1.4.0
2025/04/10 (15:15:21) | WARNING: Intel GPU: Failed to initialize PMU
2025/04/10 (15:16:06) | WARNING: Failed to join _runner thread on exit!

2025/04/10 (19:46:36) | ===> btop++ v.1.4.0
2025/04/10 (19:46:36) | WARNING: Intel GPU: Failed to initialize PMU

2025/04/10 (20:24:50) | ===> btop++ v.1.4.0
2025/04/10 (20:24:50) | WARNING: Intel GPU: Failed to initialize PMU
2025/04/10 (20:32:23) | WARNING: Failed to join _runner thread on exit!

2025/04/10 (20:34:58) | ===> btop++ v.1.4.0
2025/04/10 (20:34:58) | WARNING: Intel GPU: Failed to initialize PMU
2025/04/10 (20:38:46) | WARNING: Failed to join _runner thread on exit!

2025/04/10 (21:24:07) | ===> btop++ v.1.4.0
2025/04/10 (21:24:07) | WARNING: Intel GPU: Failed to initialize PMU
2025/04/10 (21:45:09) | WARNING: Failed to join _runner thread on exit!

2025/04/11 (15:52:12) | ===> btop++ v.1.4.0
2025/04/11 (15:52:12) | WARNING: Intel GPU: Failed to initialize PMU
2025/04/11 (16:29:49) | WARNING: Failed to join _runner thread on exit!

2025/04/11 (16:29:54) | ===> btop++ v.1.4.0
2025/04/11 (16:29:54) | WARNING: Intel GPU: Failed to initialize PMU

2025/04/12 (11:26:36) | ===> btop++ v.1.4.0
2025/04/12 (11:26:36) | WARNING: Intel GPU: Failed to initialize PMU
2025/04/12 (15:05:33) | WARNING: Failed to join _runner thread on exit!

2025/04/14 (20:21:52) | ===> btop++ v.1.4.0
2025/04/14 (20:21:52) | WARNING: Intel GPU: Failed to initialize PMU
2025/04/14 (20:21:55) | ERROR: Couldn't determine terminal size of "STDOUT_FILENO"!

2025/04/14 (20:21:58) | ===> btop++ v.1.4.0
2025/04/14 (20:21:58) | WARNING: Intel GPU: Failed to initialize PMU

2025/04/14 (21:48:07) | ===> btop++ v.1.4.0
2025/04/14 (21:48:07) | WARNING: Intel GPU: Failed to initialize PMU
2025/04/14 (21:48:07) | WARNING: Failed to join _runner thread on exit!

2025/04/15 (23:41:40) | ===> btop++ v.1.4.0
2025/04/15 (23:41:40) | WARNING: Intel GPU: Failed to initialize PMU
2025/04/15 (23:42:33) | WARNING: Failed to join _runner thread on exit!

2025/04/16 (21:03:50) | ===> btop++ v.1.4.0
2025/04/16 (21:03:50) | WARNING: Intel GPU: Failed to initialize PMU
2025/04/16 (21:03:51) | WARNING: Failed to join _runner thread on exit!

2025/04/17 (14:00:02) | ===> btop++ v.1.4.0
2025/04/17 (14:00:02) | WARNING: Intel GPU: Failed to initialize PMU
2025/04/17 (14:00:03) | WARNING: Failed to join _runner thread on exit!

2025/04/17 (14:15:56) | ===> btop++ v.1.4.0
2025/04/17 (14:15:56) | WARNING: Intel GPU: Failed to initialize PMU
2025/04/17 (18:48:31) | WARNING: Failed to join _runner thread on exit!

2025/04/17 (18:50:55) | ===> btop++ v.1.4.0
2025/04/17 (18:50:55) | WARNING: Intel GPU: Failed to initialize PMU
2025/04/17 (18:52:21) | WARNING: Failed to join _runner thread on exit!

2025/04/18 (17:09:23) | ===> btop++ v.1.4.0
2025/04/18 (17:09:23) | WARNING: Intel GPU: Failed to initialize PMU
2025/04/18 (17:09:28) | WARNING: Failed to join _runner thread on exit!

2025/04/18 (17:25:11) | ===> btop++ v.1.4.0
2025/04/18 (17:25:11) | WARNING: Intel GPU: Failed to initialize PMU
2025/04/18 (17:25:45) | WARNING: Failed to join _runner thread on exit!

2025/04/19 (10:55:56) | ===> btop++ v.1.4.0
2025/04/19 (10:55:56) | WARNING: Intel GPU: Failed to initialize PMU
2025/04/19 (10:55:57) | WARNING: Failed to join _runner thread on exit!

2025/04/19 (11:04:38) | ===> btop++ v.1.4.0
2025/04/19 (11:04:38) | WARNING: Intel GPU: Failed to initialize PMU
2025/04/19 (11:04:42) | WARNING: Failed to join _runner thread on exit!

2025/04/19 (11:20:52) | ===> btop++ v.1.4.0
2025/04/19 (11:20:52) | WARNING: Intel GPU: Failed to initialize PMU
2025/04/19 (11:21:02) | WARNING: Failed to join _runner thread on exit!

2025/04/23 (19:47:58) | ===> btop++ v.1.4.0
2025/04/23 (19:47:58) | WARNING: Intel GPU: Failed to initialize PMU
2025/04/23 (19:47:59) | WARNING: Failed to join _runner thread on exit!

2025/04/25 (20:44:32) | ===> btop++ v.1.4.0
2025/04/25 (20:44:32) | WARNING: Intel GPU: Failed to initialize PMU
2025/04/26 (07:18:31) | WARNING: Failed to join _runner thread on exit!

2025/04/28 (12:56:02) | ===> btop++ v.1.4.0
2025/04/28 (12:56:02) | WARNING: Intel GPU: Failed to initialize PMU
2025/04/28 (12:56:03) | WARNING: Failed to join _runner thread on exit!

2025/04/28 (12:56:04) | ===> btop++ v.1.4.0
2025/04/28 (12:56:04) | WARNING: Intel GPU: Failed to initialize PMU
2025/04/28 (12:56:06) | WARNING: Failed to join _runner thread on exit!
